/usr/bin/lli

###### Testing test-add1
./dcl.native < tests/test-add1.dcl > test-add1.ll
llc test-add1.ll > test-add1.s
./test-add1.exe
./testall.sh: 1: eval: ./test-add1.exe: not found
###### FAILED

###### Testing test-arith1
./dcl.native < tests/test-arith1.dcl > test-arith1.ll
llc test-arith1.ll > test-arith1.s
./test-arith1.exe
./testall.sh: 1: eval: ./test-arith1.exe: not found
###### FAILED

###### Testing test-arith2
./dcl.native < tests/test-arith2.dcl > test-arith2.ll
llc test-arith2.ll > test-arith2.s
./test-arith2.exe
./testall.sh: 1: eval: ./test-arith2.exe: not found
###### FAILED

###### Testing test-arith3
./dcl.native < tests/test-arith3.dcl > test-arith3.ll
llc test-arith3.ll > test-arith3.s
./test-arith3.exe
./testall.sh: 1: eval: ./test-arith3.exe: not found
###### FAILED

###### Testing test-array1
./dcl.native < tests/test-array1.dcl > test-array1.ll
Fatal error: exception Failure("illegal character [")
###### FAILED

###### Testing test-array2
./dcl.native < tests/test-array2.dcl > test-array2.ll
Fatal error: exception Failure("illegal character [")
###### FAILED

###### Testing test-array3
./dcl.native < tests/test-array3.dcl > test-array3.ll
Fatal error: exception Failure("illegal character [")
###### FAILED

###### Testing test-callbacks1
./dcl.native < tests/test-callbacks1.dcl > test-callbacks1.ll
Fatal error: exception Parsing.Parse_error
###### FAILED

###### Testing test-double1
./dcl.native < tests/test-double1.dcl > test-double1.ll
llc test-double1.ll > test-double1.s
./test-double1.exe
./testall.sh: 1: eval: ./test-double1.exe: not found
###### FAILED

###### Testing test-fib
./dcl.native < tests/test-fib.dcl > test-fib.ll
llc test-fib.ll > test-fib.s
./test-fib.exe
./testall.sh: 1: eval: ./test-fib.exe: not found
###### FAILED

###### Testing test-for1
./dcl.native < tests/test-for1.dcl > test-for1.ll
llc test-for1.ll > test-for1.s
./test-for1.exe
./testall.sh: 1: eval: ./test-for1.exe: not found
###### FAILED

###### Testing test-for2
./dcl.native < tests/test-for2.dcl > test-for2.ll
llc test-for2.ll > test-for2.s
./test-for2.exe
./testall.sh: 1: eval: ./test-for2.exe: not found
###### FAILED

###### Testing test-func1
./dcl.native < tests/test-func1.dcl > test-func1.ll
llc test-func1.ll > test-func1.s
./test-func1.exe
./testall.sh: 1: eval: ./test-func1.exe: not found
###### FAILED

###### Testing test-func2
./dcl.native < tests/test-func2.dcl > test-func2.ll
llc test-func2.ll > test-func2.s
./test-func2.exe
./testall.sh: 1: eval: ./test-func2.exe: not found
###### FAILED

###### Testing test-func3
./dcl.native < tests/test-func3.dcl > test-func3.ll
llc test-func3.ll > test-func3.s
./test-func3.exe
./testall.sh: 1: eval: ./test-func3.exe: not found
###### FAILED

###### Testing test-func4
./dcl.native < tests/test-func4.dcl > test-func4.ll
llc test-func4.ll > test-func4.s
./test-func4.exe
./testall.sh: 1: eval: ./test-func4.exe: not found
###### FAILED

###### Testing test-func5
./dcl.native < tests/test-func5.dcl > test-func5.ll
llc test-func5.ll > test-func5.s
./test-func5.exe
./testall.sh: 1: eval: ./test-func5.exe: not found
###### FAILED

###### Testing test-func6
./dcl.native < tests/test-func6.dcl > test-func6.ll
llc test-func6.ll > test-func6.s
./test-func6.exe
./testall.sh: 1: eval: ./test-func6.exe: not found
###### FAILED

###### Testing test-func7
./dcl.native < tests/test-func7.dcl > test-func7.ll
llc test-func7.ll > test-func7.s
./test-func7.exe
./testall.sh: 1: eval: ./test-func7.exe: not found
###### FAILED

###### Testing test-func8
./dcl.native < tests/test-func8.dcl > test-func8.ll
llc test-func8.ll > test-func8.s
./test-func8.exe
./testall.sh: 1: eval: ./test-func8.exe: not found
###### FAILED

###### Testing test-gcd
./dcl.native < tests/test-gcd.dcl > test-gcd.ll
llc test-gcd.ll > test-gcd.s
./test-gcd.exe
./testall.sh: 1: eval: ./test-gcd.exe: not found
###### FAILED

###### Testing test-gcd2
./dcl.native < tests/test-gcd2.dcl > test-gcd2.ll
llc test-gcd2.ll > test-gcd2.s
./test-gcd2.exe
./testall.sh: 1: eval: ./test-gcd2.exe: not found
###### FAILED

###### Testing test-global1
./dcl.native < tests/test-global1.dcl > test-global1.ll
llc test-global1.ll > test-global1.s
./test-global1.exe
./testall.sh: 1: eval: ./test-global1.exe: not found
###### FAILED

###### Testing test-global2
./dcl.native < tests/test-global2.dcl > test-global2.ll
llc test-global2.ll > test-global2.s
./test-global2.exe
./testall.sh: 1: eval: ./test-global2.exe: not found
###### FAILED

###### Testing test-global3
./dcl.native < tests/test-global3.dcl > test-global3.ll
llc test-global3.ll > test-global3.s
./test-global3.exe
./testall.sh: 1: eval: ./test-global3.exe: not found
###### FAILED

###### Testing test-hello
./dcl.native < tests/test-hello.dcl > test-hello.ll
llc test-hello.ll > test-hello.s
./test-hello.exe
./testall.sh: 1: eval: ./test-hello.exe: not found
###### FAILED

###### Testing test-if1
./dcl.native < tests/test-if1.dcl > test-if1.ll
llc test-if1.ll > test-if1.s
./test-if1.exe
./testall.sh: 1: eval: ./test-if1.exe: not found
###### FAILED

###### Testing test-if2
./dcl.native < tests/test-if2.dcl > test-if2.ll
llc test-if2.ll > test-if2.s
./test-if2.exe
./testall.sh: 1: eval: ./test-if2.exe: not found
###### FAILED

###### Testing test-if3
./dcl.native < tests/test-if3.dcl > test-if3.ll
llc test-if3.ll > test-if3.s
./test-if3.exe
./testall.sh: 1: eval: ./test-if3.exe: not found
###### FAILED

###### Testing test-if4
./dcl.native < tests/test-if4.dcl > test-if4.ll
llc test-if4.ll > test-if4.s
./test-if4.exe
./testall.sh: 1: eval: ./test-if4.exe: not found
###### FAILED

###### Testing test-if5
./dcl.native < tests/test-if5.dcl > test-if5.ll
llc test-if5.ll > test-if5.s
./test-if5.exe
./testall.sh: 1: eval: ./test-if5.exe: not found
###### FAILED

###### Testing test-interleave1
./dcl.native < tests/test-interleave1.dcl > test-interleave1.ll
llc test-interleave1.ll > test-interleave1.s
./test-interleave1.exe
./testall.sh: 1: eval: ./test-interleave1.exe: not found
###### FAILED

###### Testing test-interleave2
./dcl.native < tests/test-interleave2.dcl > test-interleave2.ll
Fatal error: exception Failure("return gives double expected void in x")
###### FAILED

###### Testing test-interleave3
./dcl.native < tests/test-interleave3.dcl > test-interleave3.ll
Fatal error: exception Parsing.Parse_error
###### FAILED

###### Testing test-local1
./dcl.native < tests/test-local1.dcl > test-local1.ll
llc test-local1.ll > test-local1.s
./test-local1.exe
./testall.sh: 1: eval: ./test-local1.exe: not found
###### FAILED

###### Testing test-local2
./dcl.native < tests/test-local2.dcl > test-local2.ll
llc test-local2.ll > test-local2.s
./test-local2.exe
./testall.sh: 1: eval: ./test-local2.exe: not found
###### FAILED

###### Testing test-ops1
./dcl.native < tests/test-ops1.dcl > test-ops1.ll
llc test-ops1.ll > test-ops1.s
./test-ops1.exe
./testall.sh: 1: eval: ./test-ops1.exe: not found
###### FAILED

###### Testing test-ops2
./dcl.native < tests/test-ops2.dcl > test-ops2.ll
llc test-ops2.ll > test-ops2.s
./test-ops2.exe
./testall.sh: 1: eval: ./test-ops2.exe: not found
###### FAILED

###### Testing test-string1
./dcl.native < tests/test-string1.dcl > test-string1.ll
Fatal error: exception Parsing.Parse_error
###### FAILED

###### Testing test-string2
./dcl.native < tests/test-string2.dcl > test-string2.ll
Fatal error: exception Failure("illegal character [")
###### FAILED

###### Testing test-var1
./dcl.native < tests/test-var1.dcl > test-var1.ll
llc test-var1.ll > test-var1.s
./test-var1.exe
./testall.sh: 1: eval: ./test-var1.exe: not found
###### FAILED

###### Testing test-var2
./dcl.native < tests/test-var2.dcl > test-var2.ll
llc test-var2.ll > test-var2.s
./test-var2.exe
./testall.sh: 1: eval: ./test-var2.exe: not found
###### FAILED

###### Testing test-while1
./dcl.native < tests/test-while1.dcl > test-while1.ll
llc test-while1.ll > test-while1.s
./test-while1.exe
./testall.sh: 1: eval: ./test-while1.exe: not found
###### FAILED

###### Testing test-while2
./dcl.native < tests/test-while2.dcl > test-while2.ll
llc test-while2.ll > test-while2.s
./test-while2.exe
./testall.sh: 1: eval: ./test-while2.exe: not found
###### FAILED

###### Testing fail-assign1
./dcl.native < tests/fail-assign1.dcl 2> fail-assign1.err >> testall.log
diff -b fail-assign1.err tests/fail-assign1.err > fail-assign1.diff
###### SUCCESS

###### Testing fail-assign2
./dcl.native < tests/fail-assign2.dcl 2> fail-assign2.err >> testall.log
diff -b fail-assign2.err tests/fail-assign2.err > fail-assign2.diff
###### SUCCESS

###### Testing fail-assign3
./dcl.native < tests/fail-assign3.dcl 2> fail-assign3.err >> testall.log
diff -b fail-assign3.err tests/fail-assign3.err > fail-assign3.diff
###### SUCCESS

###### Testing fail-concatenation1
./dcl.native < tests/fail-concatenation1.dcl 2> fail-concatenation1.err >> testall.log
diff -b fail-concatenation1.err tests/fail-concatenation1.err > fail-concatenation1.diff
###### SUCCESS

###### Testing fail-dead1
./dcl.native < tests/fail-dead1.dcl 2> fail-dead1.err >> testall.log
diff -b fail-dead1.err tests/fail-dead1.err > fail-dead1.diff
###### SUCCESS

###### Testing fail-dead2
./dcl.native < tests/fail-dead2.dcl 2> fail-dead2.err >> testall.log
diff -b fail-dead2.err tests/fail-dead2.err > fail-dead2.diff
###### SUCCESS

###### Testing fail-exponents1
./dcl.native < tests/fail-exponents1.dcl 2> fail-exponents1.err >> testall.log
diff -b fail-exponents1.err tests/fail-exponents1.err > fail-exponents1.diff
###### SUCCESS

###### Testing fail-expr1
./dcl.native < tests/fail-expr1.dcl 2> fail-expr1.err >> testall.log
diff -b fail-expr1.err tests/fail-expr1.err > fail-expr1.diff
###### SUCCESS

###### Testing fail-expr2
./dcl.native < tests/fail-expr2.dcl 2> fail-expr2.err >> testall.log
diff -b fail-expr2.err tests/fail-expr2.err > fail-expr2.diff
###### SUCCESS

###### Testing fail-for1
./dcl.native < tests/fail-for1.dcl 2> fail-for1.err >> testall.log
diff -b fail-for1.err tests/fail-for1.err > fail-for1.diff
###### SUCCESS

###### Testing fail-for2
./dcl.native < tests/fail-for2.dcl 2> fail-for2.err >> testall.log
diff -b fail-for2.err tests/fail-for2.err > fail-for2.diff
###### SUCCESS

###### Testing fail-for3
./dcl.native < tests/fail-for3.dcl 2> fail-for3.err >> testall.log
diff -b fail-for3.err tests/fail-for3.err > fail-for3.diff
###### SUCCESS

###### Testing fail-for4
./dcl.native < tests/fail-for4.dcl 2> fail-for4.err >> testall.log
diff -b fail-for4.err tests/fail-for4.err > fail-for4.diff
###### SUCCESS

###### Testing fail-for5
./dcl.native < tests/fail-for5.dcl 2> fail-for5.err >> testall.log
foodiff -b fail-for5.err tests/fail-for5.err > fail-for5.diff
###### SUCCESS

###### Testing fail-func1
./dcl.native < tests/fail-func1.dcl 2> fail-func1.err >> testall.log
diff -b fail-func1.err tests/fail-func1.err > fail-func1.diff
###### SUCCESS

###### Testing fail-func2
./dcl.native < tests/fail-func2.dcl 2> fail-func2.err >> testall.log
diff -b fail-func2.err tests/fail-func2.err > fail-func2.diff
###### SUCCESS

###### Testing fail-func3
./dcl.native < tests/fail-func3.dcl 2> fail-func3.err >> testall.log
diff -b fail-func3.err tests/fail-func3.err > fail-func3.diff
###### SUCCESS

###### Testing fail-func4
./dcl.native < tests/fail-func4.dcl 2> fail-func4.err >> testall.log
diff -b fail-func4.err tests/fail-func4.err > fail-func4.diff
###### SUCCESS

###### Testing fail-func5
./dcl.native < tests/fail-func5.dcl 2> fail-func5.err >> testall.log
diff -b fail-func5.err tests/fail-func5.err > fail-func5.diff
###### SUCCESS

###### Testing fail-func6
./dcl.native < tests/fail-func6.dcl 2> fail-func6.err >> testall.log
diff -b fail-func6.err tests/fail-func6.err > fail-func6.diff
###### SUCCESS

###### Testing fail-func7
./dcl.native < tests/fail-func7.dcl 2> fail-func7.err >> testall.log
diff -b fail-func7.err tests/fail-func7.err > fail-func7.diff
###### SUCCESS

###### Testing fail-func8
./dcl.native < tests/fail-func8.dcl 2> fail-func8.err >> testall.log
diff -b fail-func8.err tests/fail-func8.err > fail-func8.diff
###### SUCCESS

###### Testing fail-func9
./dcl.native < tests/fail-func9.dcl 2> fail-func9.err >> testall.log
diff -b fail-func9.err tests/fail-func9.err > fail-func9.diff
###### SUCCESS

###### Testing fail-global1
./dcl.native < tests/fail-global1.dcl 2> fail-global1.err >> testall.log
diff -b fail-global1.err tests/fail-global1.err > fail-global1.diff
###### SUCCESS

###### Testing fail-global2
./dcl.native < tests/fail-global2.dcl 2> fail-global2.err >> testall.log
diff -b fail-global2.err tests/fail-global2.err > fail-global2.diff
###### SUCCESS

###### Testing fail-if1
./dcl.native < tests/fail-if1.dcl 2> fail-if1.err >> testall.log
diff -b fail-if1.err tests/fail-if1.err > fail-if1.diff
###### SUCCESS

###### Testing fail-if2
./dcl.native < tests/fail-if2.dcl 2> fail-if2.err >> testall.log
diff -b fail-if2.err tests/fail-if2.err > fail-if2.diff
###### SUCCESS

###### Testing fail-if3
./dcl.native < tests/fail-if3.dcl 2> fail-if3.err >> testall.log
diff -b fail-if3.err tests/fail-if3.err > fail-if3.diff
###### SUCCESS

###### Testing fail-nomain
./dcl.native < tests/fail-nomain.dcl 2> fail-nomain.err >> testall.log
maindiff -b fail-nomain.err tests/fail-nomain.err > fail-nomain.diff
###### SUCCESS

###### Testing fail-return1
./dcl.native < tests/fail-return1.dcl 2> fail-return1.err >> testall.log
diff -b fail-return1.err tests/fail-return1.err > fail-return1.diff
###### SUCCESS

###### Testing fail-return2
./dcl.native < tests/fail-return2.dcl 2> fail-return2.err >> testall.log
diff -b fail-return2.err tests/fail-return2.err > fail-return2.diff
###### SUCCESS

###### Testing fail-string1
./dcl.native < tests/fail-string1.dcl 2> fail-string1.err >> testall.log
diff -b fail-string1.err tests/fail-string1.err > fail-string1.diff
###### SUCCESS

###### Testing fail-string2
./dcl.native < tests/fail-string2.dcl 2> fail-string2.err >> testall.log
diff -b fail-string2.err tests/fail-string2.err > fail-string2.diff
###### SUCCESS

###### Testing fail-string3
./dcl.native < tests/fail-string3.dcl 2> fail-string3.err >> testall.log
diff -b fail-string3.err tests/fail-string3.err > fail-string3.diff
###### SUCCESS

###### Testing fail-while1
./dcl.native < tests/fail-while1.dcl 2> fail-while1.err >> testall.log
diff -b fail-while1.err tests/fail-while1.err > fail-while1.diff
###### SUCCESS

###### Testing fail-while2
./dcl.native < tests/fail-while2.dcl 2> fail-while2.err >> testall.log
foodiff -b fail-while2.err tests/fail-while2.err > fail-while2.diff
###### SUCCESS
